mode: set
github.com/Ulbora/go-micro-blog-ui/handlers/blogHandler.go:69.73,73.9 4 1
github.com/Ulbora/go-micro-blog-ui/handlers/blogHandler.go:73.9,76.27 3 1
github.com/Ulbora/go-micro-blog-ui/handlers/blogHandler.go:76.27,84.21 8 1
github.com/Ulbora/go-micro-blog-ui/handlers/blogHandler.go:84.21,86.5 1 0
github.com/Ulbora/go-micro-blog-ui/handlers/blogHandler.go:87.4,88.29 2 1
github.com/Ulbora/go-micro-blog-ui/handlers/blogHandler.go:88.29,93.19 5 1
github.com/Ulbora/go-micro-blog-ui/handlers/blogHandler.go:93.19,103.6 7 0
github.com/Ulbora/go-micro-blog-ui/handlers/blogHandler.go:106.5,107.24 2 1
github.com/Ulbora/go-micro-blog-ui/handlers/blogHandler.go:107.24,116.6 5 1
github.com/Ulbora/go-micro-blog-ui/handlers/blogHandler.go:117.5,118.24 2 1
github.com/Ulbora/go-micro-blog-ui/handlers/blogHandler.go:118.24,122.28 3 1
github.com/Ulbora/go-micro-blog-ui/handlers/blogHandler.go:122.28,123.38 1 1
github.com/Ulbora/go-micro-blog-ui/handlers/blogHandler.go:123.38,125.8 1 1
github.com/Ulbora/go-micro-blog-ui/handlers/blogHandler.go:127.6,130.33 3 1
github.com/Ulbora/go-micro-blog-ui/handlers/blogHandler.go:133.5,134.24 2 1
github.com/Ulbora/go-micro-blog-ui/handlers/blogHandler.go:134.24,144.6 6 1
github.com/Ulbora/go-micro-blog-ui/handlers/blogHandler.go:146.5,153.28 2 1
github.com/Ulbora/go-micro-blog-ui/handlers/blogHandler.go:156.4,164.53 3 1
github.com/Ulbora/go-micro-blog-ui/handlers/blogHandler.go:165.9,167.4 1 1
github.com/Ulbora/go-micro-blog-ui/handlers/blogHandler.go:173.73,177.9 4 0
github.com/Ulbora/go-micro-blog-ui/handlers/blogHandler.go:177.9,180.27 3 0
github.com/Ulbora/go-micro-blog-ui/handlers/blogHandler.go:180.27,187.21 7 0
github.com/Ulbora/go-micro-blog-ui/handlers/blogHandler.go:187.21,189.5 1 0
github.com/Ulbora/go-micro-blog-ui/handlers/blogHandler.go:196.4,196.52 1 0
github.com/Ulbora/go-micro-blog-ui/handlers/blogHandler.go:197.9,199.4 1 0
github.com/Ulbora/go-micro-blog-ui/handlers/blogHandler.go:204.69,210.9 6 0
github.com/Ulbora/go-micro-blog-ui/handlers/blogHandler.go:210.9,213.27 3 0
github.com/Ulbora/go-micro-blog-ui/handlers/blogHandler.go:213.27,225.4 10 0
github.com/Ulbora/go-micro-blog-ui/handlers/blogHandler.go:225.9,227.4 1 0
github.com/Ulbora/go-micro-blog-ui/handlers/blogHandler.go:231.70,243.2 9 0
github.com/Ulbora/go-micro-blog-ui/handlers/callbackHandler.go:29.78,38.22 8 1
github.com/Ulbora/go-micro-blog-ui/handlers/callbackHandler.go:38.22,43.91 4 1
github.com/Ulbora/go-micro-blog-ui/handlers/callbackHandler.go:43.91,58.40 12 1
github.com/Ulbora/go-micro-blog-ui/handlers/callbackHandler.go:58.40,71.22 12 1
github.com/Ulbora/go-micro-blog-ui/handlers/callbackHandler.go:71.22,78.6 6 1
github.com/Ulbora/go-micro-blog-ui/handlers/callbackHandler.go:79.10,79.26 1 1
github.com/Ulbora/go-micro-blog-ui/handlers/callbackHandler.go:79.26,86.5 6 1
github.com/Ulbora/go-micro-blog-ui/handlers/callbackHandler.go:88.4,88.12 1 1
github.com/Ulbora/go-micro-blog-ui/handlers/callbackHandler.go:88.12,90.12 2 1
github.com/Ulbora/go-micro-blog-ui/handlers/callbackHandler.go:90.12,96.6 4 1
github.com/Ulbora/go-micro-blog-ui/handlers/callbackHandler.go:97.5,97.57 1 1
github.com/Ulbora/go-micro-blog-ui/handlers/callbackHandler.go:101.3,101.49 1 1
github.com/Ulbora/go-micro-blog-ui/handlers/callbackHandler.go:102.8,104.3 1 1
github.com/Ulbora/go-micro-blog-ui/handlers/callbackHandler.go:109.82,118.28 8 1
github.com/Ulbora/go-micro-blog-ui/handlers/callbackHandler.go:118.28,123.103 4 1
github.com/Ulbora/go-micro-blog-ui/handlers/callbackHandler.go:123.103,138.40 12 1
github.com/Ulbora/go-micro-blog-ui/handlers/callbackHandler.go:138.40,151.22 12 1
github.com/Ulbora/go-micro-blog-ui/handlers/callbackHandler.go:151.22,158.6 6 1
github.com/Ulbora/go-micro-blog-ui/handlers/callbackHandler.go:159.10,159.26 1 1
github.com/Ulbora/go-micro-blog-ui/handlers/callbackHandler.go:159.26,166.5 6 1
github.com/Ulbora/go-micro-blog-ui/handlers/callbackHandler.go:168.4,168.12 1 1
github.com/Ulbora/go-micro-blog-ui/handlers/callbackHandler.go:168.12,170.12 2 1
github.com/Ulbora/go-micro-blog-ui/handlers/callbackHandler.go:170.12,176.6 4 1
github.com/Ulbora/go-micro-blog-ui/handlers/callbackHandler.go:177.5,177.55 1 1
github.com/Ulbora/go-micro-blog-ui/handlers/callbackHandler.go:181.3,181.49 1 1
github.com/Ulbora/go-micro-blog-ui/handlers/callbackHandler.go:182.8,184.3 1 1
github.com/Ulbora/go-micro-blog-ui/handlers/likeHandler.go:30.69,34.9 4 0
github.com/Ulbora/go-micro-blog-ui/handlers/likeHandler.go:34.9,37.27 3 0
github.com/Ulbora/go-micro-blog-ui/handlers/likeHandler.go:37.27,43.21 6 0
github.com/Ulbora/go-micro-blog-ui/handlers/likeHandler.go:43.21,51.21 7 0
github.com/Ulbora/go-micro-blog-ui/handlers/likeHandler.go:51.21,55.6 3 0
github.com/Ulbora/go-micro-blog-ui/handlers/likeHandler.go:56.5,56.51 1 0
github.com/Ulbora/go-micro-blog-ui/handlers/likeHandler.go:58.9,60.4 1 0
github.com/Ulbora/go-micro-blog-ui/handlers/loginHandler.go:35.75,39.9 4 1
github.com/Ulbora/go-micro-blog-ui/handlers/loginHandler.go:39.9,42.51 3 1
github.com/Ulbora/go-micro-blog-ui/handlers/loginHandler.go:42.51,54.4 6 1
github.com/Ulbora/go-micro-blog-ui/handlers/loginHandler.go:54.9,56.4 1 1
github.com/Ulbora/go-micro-blog-ui/handlers/loginHandler.go:61.71,65.37 3 1
github.com/Ulbora/go-micro-blog-ui/handlers/loginHandler.go:65.37,75.3 3 1
github.com/Ulbora/go-micro-blog-ui/handlers/loginHandler.go:75.8,75.42 1 1
github.com/Ulbora/go-micro-blog-ui/handlers/loginHandler.go:75.42,85.3 3 1
github.com/Ulbora/go-micro-blog-ui/handlers/mcHandler.go:53.35,55.2 1 1
github.com/Ulbora/go-micro-blog-ui/handlers/mcHandler.go:57.57,62.24 5 1
github.com/Ulbora/go-micro-blog-ui/handlers/mcHandler.go:62.24,64.3 1 1
github.com/Ulbora/go-micro-blog-ui/handlers/mcHandler.go:65.2,65.12 1 1
github.com/Ulbora/go-micro-blog-ui/handlers/mcHandler.go:68.62,73.34 5 1
github.com/Ulbora/go-micro-blog-ui/handlers/mcHandler.go:73.34,75.3 1 1
github.com/Ulbora/go-micro-blog-ui/handlers/mcHandler.go:76.2,76.12 1 1
github.com/Ulbora/go-micro-blog-ui/handlers/mcHandler.go:80.56,83.33 3 1
github.com/Ulbora/go-micro-blog-ui/handlers/mcHandler.go:83.33,85.3 1 1
github.com/Ulbora/go-micro-blog-ui/handlers/mcHandler.go:86.2,86.12 1 1
github.com/Ulbora/go-micro-blog-ui/handlers/mcHandler.go:90.59,92.2 1 1
github.com/Ulbora/go-micro-blog-ui/handlers/mcHandler.go:95.73,100.19 4 1
github.com/Ulbora/go-micro-blog-ui/handlers/mcHandler.go:100.19,105.17 3 1
github.com/Ulbora/go-micro-blog-ui/handlers/mcHandler.go:105.17,108.4 1 1
github.com/Ulbora/go-micro-blog-ui/handlers/mcHandler.go:108.9,110.4 1 1
github.com/Ulbora/go-micro-blog-ui/handlers/mcHandler.go:111.8,113.3 1 1
github.com/Ulbora/go-micro-blog-ui/handlers/mcHandler.go:114.2,114.17 1 1
github.com/Ulbora/go-micro-blog-ui/handlers/mcHandler.go:117.69,123.14 4 1
github.com/Ulbora/go-micro-blog-ui/handlers/mcHandler.go:123.14,125.17 2 1
github.com/Ulbora/go-micro-blog-ui/handlers/mcHandler.go:125.17,129.4 3 1
github.com/Ulbora/go-micro-blog-ui/handlers/mcHandler.go:130.3,130.13 1 1
github.com/Ulbora/go-micro-blog-ui/handlers/mcHandler.go:133.2,133.18 1 1
